<?xml version="1.0" encoding="UTF-8"?>
<testng-results ignored="0" total="0" passed="0" failed="0" skipped="0">
  <reporter-output>
  </reporter-output>
  <suite started-at="2022-07-21T12:02:04Z" name="Shravan Suite" finished-at="2022-07-21T12:02:28Z" duration-ms="24128">
    <groups>
    </groups>
    <test started-at="2022-07-21T12:02:04Z" name="Login_Test" finished-at="2022-07-21T12:02:28Z" duration-ms="24128">
      <class name="testCases.TC_Login_001">
        <test-method is-config="true" signature="setup(java.lang.String)[pri:0, instance:testCases.TC_Login_001@7ceb3185]" started-at="2022-07-21T12:02:04Z" name="setup" finished-at="2022-07-21T12:02:07Z" duration-ms="3024" status="PASS">
          <params>
            <param index="0">
              <value>
                <![CDATA[chrome]]>
              </value>
            </param>
          </params>
          <reporter-output>
          </reporter-output>
        </test-method> <!-- setup -->
        <test-method is-config="true" signature="tearDown()[pri:0, instance:testCases.TC_Login_001@7ceb3185]" started-at="2022-07-21T12:02:27Z" name="tearDown" finished-at="2022-07-21T12:02:28Z" duration-ms="769" status="PASS">
          <reporter-output>
          </reporter-output>
        </test-method> <!-- tearDown -->
      </class> <!-- testCases.TC_Login_001 -->
      <class name="testCases.googleLogin">
        <test-method is-config="true" signature="setup(java.lang.String)[pri:0, instance:testCases.googleLogin@436c81a3]" started-at="2022-07-21T12:02:04Z" name="setup" finished-at="2022-07-21T12:02:07Z" duration-ms="3134" status="PASS">
          <params>
            <param index="0">
              <value>
                <![CDATA[chrome]]>
              </value>
            </param>
          </params>
          <reporter-output>
          </reporter-output>
        </test-method> <!-- setup -->
        <test-method is-config="true" signature="tearDown()[pri:0, instance:testCases.googleLogin@436c81a3]" started-at="2022-07-21T12:02:15Z" name="tearDown" finished-at="2022-07-21T12:02:28Z" duration-ms="12783" status="PASS">
          <reporter-output>
          </reporter-output>
        </test-method> <!-- tearDown -->
      </class> <!-- testCases.googleLogin -->
    </test> <!-- Login_Test -->
  </suite> <!-- Shravan Suite -->
</testng-results>
